<?xml version="1.0" encoding="UTF-8"?>
<testng-results ignored="0" total="1" passed="1" failed="0" skipped="0">
  <reporter-output>
  </reporter-output>
  <suite started-at="2023-04-05T12:25:24 IST" name="Suite" finished-at="2023-04-05T12:25:24 IST" duration-ms="99">
    <groups>
    </groups>
    <test started-at="2023-04-05T12:25:24 IST" name="Test" finished-at="2023-04-05T12:25:24 IST" duration-ms="99">
      <class name="com.testscripts.Demo1">
        <test-method signature="m1()[pri:0, instance:com.testscripts.Demo1@26275bef]" started-at="2023-04-05T12:25:24 IST" name="m1" finished-at="2023-04-05T12:25:24 IST" duration-ms="10" status="PASS">
          <reporter-output>
          </reporter-output>
        </test-method> <!-- m1 -->
      </class> <!-- com.testscripts.Demo1 -->
    </test> <!-- Test -->
  </suite> <!-- Suite -->
</testng-results>
