<?xml version="1.0" encoding="UTF-8"?>
<testng-results ignored="0" total="1" passed="1" failed="0" skipped="0">
  <reporter-output>
  </reporter-output>
  <suite started-at="2023-04-03T10:39:54 IST" name="Suite" finished-at="2023-04-03T10:39:57 IST" duration-ms="3221">
    <groups>
    </groups>
    <test started-at="2023-04-03T10:39:54 IST" name="Test" finished-at="2023-04-03T10:39:57 IST" duration-ms="3221">
      <class name="BaseClassImplemented.AdminLoginTest">
        <test-method is-config="true" signature="configBeforeSuite()[pri:0, instance:BaseClassImplemented.AdminLoginTest@69997e9d]" started-at="2023-04-03T10:39:54 IST" name="configBeforeSuite" finished-at="2023-04-03T10:39:54 IST" duration-ms="166" status="PASS">
          <reporter-output>
          </reporter-output>
        </test-method> <!-- configBeforeSuite -->
        <test-method is-config="true" signature="configBeforeClass()[pri:0, instance:BaseClassImplemented.AdminLoginTest@69997e9d]" started-at="2023-04-03T10:39:54 IST" name="configBeforeClass" finished-at="2023-04-03T10:39:56 IST" duration-ms="1562" status="PASS">
          <reporter-output>
          </reporter-output>
        </test-method> <!-- configBeforeClass -->
        <test-method is-config="true" signature="configBeforeMethod()[pri:0, instance:BaseClassImplemented.AdminLoginTest@69997e9d]" started-at="2023-04-03T10:39:56 IST" name="configBeforeMethod" finished-at="2023-04-03T10:39:56 IST" duration-ms="473" status="PASS">
          <reporter-output>
          </reporter-output>
        </test-method> <!-- configBeforeMethod -->
        <test-method signature="login()[pri:0, instance:BaseClassImplemented.AdminLoginTest@69997e9d]" started-at="2023-04-03T10:39:56 IST" name="login" finished-at="2023-04-03T10:39:57 IST" duration-ms="1016" status="PASS">
          <reporter-output>
          </reporter-output>
        </test-method> <!-- login -->
        <test-method is-config="true" signature="configAfterMethod()[pri:0, instance:BaseClassImplemented.AdminLoginTest@69997e9d]" started-at="2023-04-03T10:39:57 IST" name="configAfterMethod" finished-at="2023-04-03T10:39:57 IST" duration-ms="2" status="PASS">
          <reporter-output>
          </reporter-output>
        </test-method> <!-- configAfterMethod -->
        <test-method is-config="true" signature="configAfterClass()[pri:0, instance:BaseClassImplemented.AdminLoginTest@69997e9d]" started-at="2023-04-03T10:39:57 IST" name="configAfterClass" finished-at="2023-04-03T10:39:57 IST" duration-ms="119" status="PASS">
          <reporter-output>
          </reporter-output>
        </test-method> <!-- configAfterClass -->
        <test-method is-config="true" signature="configAfterSuite()[pri:0, instance:BaseClassImplemented.AdminLoginTest@69997e9d]" started-at="2023-04-03T10:39:57 IST" name="configAfterSuite" finished-at="2023-04-03T10:39:57 IST" duration-ms="10" status="PASS">
          <reporter-output>
          </reporter-output>
        </test-method> <!-- configAfterSuite -->
      </class> <!-- BaseClassImplemented.AdminLoginTest -->
    </test> <!-- Test -->
  </suite> <!-- Suite -->
</testng-results>
