<?xml version="1.0" encoding="UTF-8"?>
<testng-results ignored="0" total="1" passed="1" failed="0" skipped="0">
  <reporter-output>
  </reporter-output>
  <suite started-at="2023-04-06T17:20:31 IST" name="Default suite" finished-at="2023-04-06T17:20:31 IST" duration-ms="29">
    <groups>
    </groups>
    <test started-at="2023-04-06T17:20:31 IST" name="Default test" finished-at="2023-04-06T17:20:31 IST" duration-ms="29">
      <class name="com.testscripts.ddd">
        <test-method signature="m2()[pri:0, instance:com.testscripts.ddd@793be5ca]" started-at="2023-04-06T17:20:31 IST" name="m2" finished-at="2023-04-06T17:20:31 IST" duration-ms="5" status="PASS">
          <reporter-output>
          </reporter-output>
        </test-method> <!-- m2 -->
      </class> <!-- com.testscripts.ddd -->
    </test> <!-- Default test -->
  </suite> <!-- Default suite -->
</testng-results>
