<?xml version="1.0" encoding="UTF-8"?>
<testng-results ignored="0" total="1" passed="1" failed="0" skipped="0">
  <reporter-output>
  </reporter-output>
  <suite started-at="2023-04-07T10:11:06 IST" name="Default suite" finished-at="2023-04-07T10:11:06 IST" duration-ms="76">
    <groups>
    </groups>
    <test started-at="2023-04-07T10:11:06 IST" name="Default test" finished-at="2023-04-07T10:11:06 IST" duration-ms="76">
      <class name="com.testscripts.ParametersUsingRun">
        <test-method signature="m1()[pri:0, instance:com.testscripts.ParametersUsingRun@793be5ca]" started-at="2023-04-07T10:11:06 IST" name="m1" finished-at="2023-04-07T10:11:06 IST" duration-ms="8" status="PASS">
          <reporter-output>
          </reporter-output>
        </test-method> <!-- m1 -->
      </class> <!-- com.testscripts.ParametersUsingRun -->
    </test> <!-- Default test -->
  </suite> <!-- Default suite -->
</testng-results>
